[33m1:46:05 PM[39m [[34merror[39m] : [35muncaughtException: Cannot read properties of undefined (reading 'push')[39m
[35mTypeError: Cannot read properties of undefined (reading 'push')[39m
[35m    at appendToJSON (/Users/lesleycheung/Desktop/modules/read_write/playground.js:40:21)[39m
[35m    at Object.<anonymous> (/Users/lesleycheung/Desktop/modules/read_write/playground.js:46:1)[39m
[35m    at Module._compile (node:internal/modules/cjs/loader:1101:14)[39m
[35m    at Object.Module._extensions..js (node:internal/modules/cjs/loader:1153:10)[39m
[35m    at Module.load (node:internal/modules/cjs/loader:981:32)[39m
[35m    at Function.Module._load (node:internal/modules/cjs/loader:822:12)[39m
[35m    at Function.executeUserEntryPoint [as runMain] (node:internal/modules/run_main:81:12)[39m
[35m    at node:internal/main/run_main_module:17:47[39m{"error":{},"stack":"TypeError: Cannot read properties of undefined (reading 'push')\n    at appendToJSON (/Users/lesleycheung/Desktop/modules/read_write/playground.js:40:21)\n    at Object.<anonymous> (/Users/lesleycheung/Desktop/modules/read_write/playground.js:46:1)\n    at Module._compile (node:internal/modules/cjs/loader:1101:14)\n    at Object.Module._extensions..js (node:internal/modules/cjs/loader:1153:10)\n    at Module.load (node:internal/modules/cjs/loader:981:32)\n    at Function.Module._load (node:internal/modules/cjs/loader:822:12)\n    at Function.executeUserEntryPoint [as runMain] (node:internal/modules/run_main:81:12)\n    at node:internal/main/run_main_module:17:47","exception":true,"date":"Fri Mar 04 2022 13:46:05 GMT+0800 (Hong Kong Standard Time)","process":{"pid":40652,"uid":501,"gid":20,"cwd":"/Users/lesleycheung/Desktop/modules/read_write","execPath":"/Users/lesleycheung/.nvm/versions/node/v16.13.0/bin/node","version":"v16.13.0","argv":["/Users/lesleycheung/.nvm/versions/node/v16.13.0/bin/node","/Users/lesleycheung/Desktop/modules/read_write/playground.js"],"memoryUsage":{"rss":39538688,"heapTotal":11837440,"heapUsed":7434416,"external":1143833,"arrayBuffers":27530}},"os":{"loadavg":[3.98779296875,3.96435546875,5.40087890625],"uptime":430345},"trace":[{"column":21,"file":"/Users/lesleycheung/Desktop/modules/read_write/playground.js","function":"appendToJSON","line":40,"method":null,"native":false},{"column":1,"file":"/Users/lesleycheung/Desktop/modules/read_write/playground.js","function":null,"line":46,"method":null,"native":false},{"column":14,"file":"node:internal/modules/cjs/loader","function":"Module._compile","line":1101,"method":"_compile","native":false},{"column":10,"file":"node:internal/modules/cjs/loader","function":"Module._extensions..js","line":1153,"method":".js","native":false},{"column":32,"file":"node:internal/modules/cjs/loader","function":"Module.load","line":981,"method":"load","native":false},{"column":12,"file":"node:internal/modules/cjs/loader","function":"Module._load","line":822,"method":"_load","native":false},{"column":12,"file":"node:internal/modules/run_main","function":"Function.executeUserEntryPoint [as runMain]","line":81,"method":"executeUserEntryPoint [as runMain]","native":false},{"column":47,"file":"node:internal/main/run_main_module","function":null,"line":17,"method":null,"native":false}]}
[33m2:04:26 PM[39m [[34merror[39m] : [35muncaughtException: Cannot find module 'array_helperz'[39m
[35mRequire stack:[39m
[35m- /Users/lesleycheung/Desktop/modules/read_write/playground.js[39m
[35mError: Cannot find module 'array_helperz'[39m
[35mRequire stack:[39m
[35m- /Users/lesleycheung/Desktop/modules/read_write/playground.js[39m
[35m    at Function.Module._resolveFilename (node:internal/modules/cjs/loader:933:15)[39m
[35m    at Function.Module._load (node:internal/modules/cjs/loader:778:27)[39m
[35m    at Module.require (node:internal/modules/cjs/loader:1005:19)[39m
[35m    at require (node:internal/modules/cjs/helpers:102:18)[39m
[35m    at Object.<anonymous> (/Users/lesleycheung/Desktop/modules/read_write/playground.js:16:18)[39m
[35m    at Module._compile (node:internal/modules/cjs/loader:1101:14)[39m
[35m    at Object.Module._extensions..js (node:internal/modules/cjs/loader:1153:10)[39m
[35m    at Module.load (node:internal/modules/cjs/loader:981:32)[39m
[35m    at Function.Module._load (node:internal/modules/cjs/loader:822:12)[39m
[35m    at Function.executeUserEntryPoint [as runMain] (node:internal/modules/run_main:81:12)[39m{"error":{"code":"MODULE_NOT_FOUND","requireStack":["/Users/lesleycheung/Desktop/modules/read_write/playground.js"]},"stack":"Error: Cannot find module 'array_helperz'\nRequire stack:\n- /Users/lesleycheung/Desktop/modules/read_write/playground.js\n    at Function.Module._resolveFilename (node:internal/modules/cjs/loader:933:15)\n    at Function.Module._load (node:internal/modules/cjs/loader:778:27)\n    at Module.require (node:internal/modules/cjs/loader:1005:19)\n    at require (node:internal/modules/cjs/helpers:102:18)\n    at Object.<anonymous> (/Users/lesleycheung/Desktop/modules/read_write/playground.js:16:18)\n    at Module._compile (node:internal/modules/cjs/loader:1101:14)\n    at Object.Module._extensions..js (node:internal/modules/cjs/loader:1153:10)\n    at Module.load (node:internal/modules/cjs/loader:981:32)\n    at Function.Module._load (node:internal/modules/cjs/loader:822:12)\n    at Function.executeUserEntryPoint [as runMain] (node:internal/modules/run_main:81:12)","exception":true,"date":"Fri Mar 04 2022 14:04:26 GMT+0800 (Hong Kong Standard Time)","process":{"pid":43665,"uid":501,"gid":20,"cwd":"/Users/lesleycheung/Desktop/modules/read_write","execPath":"/Users/lesleycheung/.nvm/versions/node/v16.13.0/bin/node","version":"v16.13.0","argv":["/Users/lesleycheung/.nvm/versions/node/v16.13.0/bin/node","/Users/lesleycheung/Desktop/modules/read_write/playground.js"],"memoryUsage":{"rss":39272448,"heapTotal":11575296,"heapUsed":7307008,"external":1135641,"arrayBuffers":19338}},"os":{"loadavg":[4.21923828125,3.34619140625,3.763671875],"uptime":431446},"trace":[{"column":15,"file":"node:internal/modules/cjs/loader","function":"Module._resolveFilename","line":933,"method":"_resolveFilename","native":false},{"column":27,"file":"node:internal/modules/cjs/loader","function":"Module._load","line":778,"method":"_load","native":false},{"column":19,"file":"node:internal/modules/cjs/loader","function":"Module.require","line":1005,"method":"require","native":false},{"column":18,"file":"node:internal/modules/cjs/helpers","function":"require","line":102,"method":null,"native":false},{"column":18,"file":"/Users/lesleycheung/Desktop/modules/read_write/playground.js","function":null,"line":16,"method":null,"native":false},{"column":14,"file":"node:internal/modules/cjs/loader","function":"Module._compile","line":1101,"method":"_compile","native":false},{"column":10,"file":"node:internal/modules/cjs/loader","function":"Module._extensions..js","line":1153,"method":".js","native":false},{"column":32,"file":"node:internal/modules/cjs/loader","function":"Module.load","line":981,"method":"load","native":false},{"column":12,"file":"node:internal/modules/cjs/loader","function":"Module._load","line":822,"method":"_load","native":false},{"column":12,"file":"node:internal/modules/run_main","function":"Function.executeUserEntryPoint [as runMain]","line":81,"method":"executeUserEntryPoint [as runMain]","native":false}]}
[33m2:04:50 PM[39m [[34merror[39m] : [35muncaughtException: Cannot find module 'array_helperz'[39m
[35mRequire stack:[39m
[35m- /Users/lesleycheung/Desktop/modules/read_write/playground.js[39m
[35mError: Cannot find module 'array_helperz'[39m
[35mRequire stack:[39m
[35m- /Users/lesleycheung/Desktop/modules/read_write/playground.js[39m
[35m    at Function.Module._resolveFilename (node:internal/modules/cjs/loader:933:15)[39m
[35m    at Function.Module._load (node:internal/modules/cjs/loader:778:27)[39m
[35m    at Module.require (node:internal/modules/cjs/loader:1005:19)[39m
[35m    at require (node:internal/modules/cjs/helpers:102:18)[39m
[35m    at Object.<anonymous> (/Users/lesleycheung/Desktop/modules/read_write/playground.js:16:18)[39m
[35m    at Module._compile (node:internal/modules/cjs/loader:1101:14)[39m
[35m    at Object.Module._extensions..js (node:internal/modules/cjs/loader:1153:10)[39m
[35m    at Module.load (node:internal/modules/cjs/loader:981:32)[39m
[35m    at Function.Module._load (node:internal/modules/cjs/loader:822:12)[39m
[35m    at Function.executeUserEntryPoint [as runMain] (node:internal/modules/run_main:81:12)[39m{"error":{"code":"MODULE_NOT_FOUND","requireStack":["/Users/lesleycheung/Desktop/modules/read_write/playground.js"]},"stack":"Error: Cannot find module 'array_helperz'\nRequire stack:\n- /Users/lesleycheung/Desktop/modules/read_write/playground.js\n    at Function.Module._resolveFilename (node:internal/modules/cjs/loader:933:15)\n    at Function.Module._load (node:internal/modules/cjs/loader:778:27)\n    at Module.require (node:internal/modules/cjs/loader:1005:19)\n    at require (node:internal/modules/cjs/helpers:102:18)\n    at Object.<anonymous> (/Users/lesleycheung/Desktop/modules/read_write/playground.js:16:18)\n    at Module._compile (node:internal/modules/cjs/loader:1101:14)\n    at Object.Module._extensions..js (node:internal/modules/cjs/loader:1153:10)\n    at Module.load (node:internal/modules/cjs/loader:981:32)\n    at Function.Module._load (node:internal/modules/cjs/loader:822:12)\n    at Function.executeUserEntryPoint [as runMain] (node:internal/modules/run_main:81:12)","exception":true,"date":"Fri Mar 04 2022 14:04:50 GMT+0800 (Hong Kong Standard Time)","process":{"pid":43703,"uid":501,"gid":20,"cwd":"/Users/lesleycheung/Desktop/modules/read_write","execPath":"/Users/lesleycheung/.nvm/versions/node/v16.13.0/bin/node","version":"v16.13.0","argv":["/Users/lesleycheung/.nvm/versions/node/v16.13.0/bin/node","/Users/lesleycheung/Desktop/modules/read_write/playground.js"],"memoryUsage":{"rss":39804928,"heapTotal":11837440,"heapUsed":7364392,"external":1135641,"arrayBuffers":19338}},"os":{"loadavg":[3.7333984375,3.30126953125,3.73486328125],"uptime":431470},"trace":[{"column":15,"file":"node:internal/modules/cjs/loader","function":"Module._resolveFilename","line":933,"method":"_resolveFilename","native":false},{"column":27,"file":"node:internal/modules/cjs/loader","function":"Module._load","line":778,"method":"_load","native":false},{"column":19,"file":"node:internal/modules/cjs/loader","function":"Module.require","line":1005,"method":"require","native":false},{"column":18,"file":"node:internal/modules/cjs/helpers","function":"require","line":102,"method":null,"native":false},{"column":18,"file":"/Users/lesleycheung/Desktop/modules/read_write/playground.js","function":null,"line":16,"method":null,"native":false},{"column":14,"file":"node:internal/modules/cjs/loader","function":"Module._compile","line":1101,"method":"_compile","native":false},{"column":10,"file":"node:internal/modules/cjs/loader","function":"Module._extensions..js","line":1153,"method":".js","native":false},{"column":32,"file":"node:internal/modules/cjs/loader","function":"Module.load","line":981,"method":"load","native":false},{"column":12,"file":"node:internal/modules/cjs/loader","function":"Module._load","line":822,"method":"_load","native":false},{"column":12,"file":"node:internal/modules/run_main","function":"Function.executeUserEntryPoint [as runMain]","line":81,"method":"executeUserEntryPoint [as runMain]","native":false}]}
[33m2:05:01 PM[39m [[34merror[39m] : [35muncaughtException: Cannot find module 'array_helperz'[39m
[35mRequire stack:[39m
[35m- /Users/lesleycheung/Desktop/modules/read_write/playground.js[39m
[35mError: Cannot find module 'array_helperz'[39m
[35mRequire stack:[39m
[35m- /Users/lesleycheung/Desktop/modules/read_write/playground.js[39m
[35m    at Function.Module._resolveFilename (node:internal/modules/cjs/loader:933:15)[39m
[35m    at Function.Module._load (node:internal/modules/cjs/loader:778:27)[39m
[35m    at Module.require (node:internal/modules/cjs/loader:1005:19)[39m
[35m    at require (node:internal/modules/cjs/helpers:102:18)[39m
[35m    at Object.<anonymous> (/Users/lesleycheung/Desktop/modules/read_write/playground.js:16:18)[39m
[35m    at Module._compile (node:internal/modules/cjs/loader:1101:14)[39m
[35m    at Object.Module._extensions..js (node:internal/modules/cjs/loader:1153:10)[39m
[35m    at Module.load (node:internal/modules/cjs/loader:981:32)[39m
[35m    at Function.Module._load (node:internal/modules/cjs/loader:822:12)[39m
[35m    at Function.executeUserEntryPoint [as runMain] (node:internal/modules/run_main:81:12)[39m{"error":{"code":"MODULE_NOT_FOUND","requireStack":["/Users/lesleycheung/Desktop/modules/read_write/playground.js"]},"stack":"Error: Cannot find module 'array_helperz'\nRequire stack:\n- /Users/lesleycheung/Desktop/modules/read_write/playground.js\n    at Function.Module._resolveFilename (node:internal/modules/cjs/loader:933:15)\n    at Function.Module._load (node:internal/modules/cjs/loader:778:27)\n    at Module.require (node:internal/modules/cjs/loader:1005:19)\n    at require (node:internal/modules/cjs/helpers:102:18)\n    at Object.<anonymous> (/Users/lesleycheung/Desktop/modules/read_write/playground.js:16:18)\n    at Module._compile (node:internal/modules/cjs/loader:1101:14)\n    at Object.Module._extensions..js (node:internal/modules/cjs/loader:1153:10)\n    at Module.load (node:internal/modules/cjs/loader:981:32)\n    at Function.Module._load (node:internal/modules/cjs/loader:822:12)\n    at Function.executeUserEntryPoint [as runMain] (node:internal/modules/run_main:81:12)","exception":true,"date":"Fri Mar 04 2022 14:05:01 GMT+0800 (Hong Kong Standard Time)","process":{"pid":43737,"uid":501,"gid":20,"cwd":"/Users/lesleycheung/Desktop/modules/read_write","execPath":"/Users/lesleycheung/.nvm/versions/node/v16.13.0/bin/node","version":"v16.13.0","argv":["/Users/lesleycheung/.nvm/versions/node/v16.13.0/bin/node","/Users/lesleycheung/Desktop/modules/read_write/playground.js"],"memoryUsage":{"rss":39227392,"heapTotal":11575296,"heapUsed":7263376,"external":1135641,"arrayBuffers":19338}},"os":{"loadavg":[4.00146484375,3.373046875,3.75537109375],"uptime":431481},"trace":[{"column":15,"file":"node:internal/modules/cjs/loader","function":"Module._resolveFilename","line":933,"method":"_resolveFilename","native":false},{"column":27,"file":"node:internal/modules/cjs/loader","function":"Module._load","line":778,"method":"_load","native":false},{"column":19,"file":"node:internal/modules/cjs/loader","function":"Module.require","line":1005,"method":"require","native":false},{"column":18,"file":"node:internal/modules/cjs/helpers","function":"require","line":102,"method":null,"native":false},{"column":18,"file":"/Users/lesleycheung/Desktop/modules/read_write/playground.js","function":null,"line":16,"method":null,"native":false},{"column":14,"file":"node:internal/modules/cjs/loader","function":"Module._compile","line":1101,"method":"_compile","native":false},{"column":10,"file":"node:internal/modules/cjs/loader","function":"Module._extensions..js","line":1153,"method":".js","native":false},{"column":32,"file":"node:internal/modules/cjs/loader","function":"Module.load","line":981,"method":"load","native":false},{"column":12,"file":"node:internal/modules/cjs/loader","function":"Module._load","line":822,"method":"_load","native":false},{"column":12,"file":"node:internal/modules/run_main","function":"Function.executeUserEntryPoint [as runMain]","line":81,"method":"executeUserEntryPoint [as runMain]","native":false}]}
[33m2:05:10 PM[39m [[34merror[39m] : [35muncaughtException: Cannot find module 'array_helperz'[39m
[35mRequire stack:[39m
[35m- /Users/lesleycheung/Desktop/modules/read_write/playground.js[39m
[35mError: Cannot find module 'array_helperz'[39m
[35mRequire stack:[39m
[35m- /Users/lesleycheung/Desktop/modules/read_write/playground.js[39m
[35m    at Function.Module._resolveFilename (node:internal/modules/cjs/loader:933:15)[39m
[35m    at Function.Module._load (node:internal/modules/cjs/loader:778:27)[39m
[35m    at Module.require (node:internal/modules/cjs/loader:1005:19)[39m
[35m    at require (node:internal/modules/cjs/helpers:102:18)[39m
[35m    at Object.<anonymous> (/Users/lesleycheung/Desktop/modules/read_write/playground.js:16:18)[39m
[35m    at Module._compile (node:internal/modules/cjs/loader:1101:14)[39m
[35m    at Object.Module._extensions..js (node:internal/modules/cjs/loader:1153:10)[39m
[35m    at Module.load (node:internal/modules/cjs/loader:981:32)[39m
[35m    at Function.Module._load (node:internal/modules/cjs/loader:822:12)[39m
[35m    at Function.executeUserEntryPoint [as runMain] (node:internal/modules/run_main:81:12)[39m{"error":{"code":"MODULE_NOT_FOUND","requireStack":["/Users/lesleycheung/Desktop/modules/read_write/playground.js"]},"stack":"Error: Cannot find module 'array_helperz'\nRequire stack:\n- /Users/lesleycheung/Desktop/modules/read_write/playground.js\n    at Function.Module._resolveFilename (node:internal/modules/cjs/loader:933:15)\n    at Function.Module._load (node:internal/modules/cjs/loader:778:27)\n    at Module.require (node:internal/modules/cjs/loader:1005:19)\n    at require (node:internal/modules/cjs/helpers:102:18)\n    at Object.<anonymous> (/Users/lesleycheung/Desktop/modules/read_write/playground.js:16:18)\n    at Module._compile (node:internal/modules/cjs/loader:1101:14)\n    at Object.Module._extensions..js (node:internal/modules/cjs/loader:1153:10)\n    at Module.load (node:internal/modules/cjs/loader:981:32)\n    at Function.Module._load (node:internal/modules/cjs/loader:822:12)\n    at Function.executeUserEntryPoint [as runMain] (node:internal/modules/run_main:81:12)","exception":true,"date":"Fri Mar 04 2022 14:05:10 GMT+0800 (Hong Kong Standard Time)","process":{"pid":43748,"uid":501,"gid":20,"cwd":"/Users/lesleycheung/Desktop/modules/read_write","execPath":"/Users/lesleycheung/.nvm/versions/node/v16.13.0/bin/node","version":"v16.13.0","argv":["/Users/lesleycheung/.nvm/versions/node/v16.13.0/bin/node","/Users/lesleycheung/Desktop/modules/read_write/playground.js"],"memoryUsage":{"rss":39124992,"heapTotal":11575296,"heapUsed":7293872,"external":1135641,"arrayBuffers":19338}},"os":{"loadavg":[3.85986328125,3.36083984375,3.74609375],"uptime":431490},"trace":[{"column":15,"file":"node:internal/modules/cjs/loader","function":"Module._resolveFilename","line":933,"method":"_resolveFilename","native":false},{"column":27,"file":"node:internal/modules/cjs/loader","function":"Module._load","line":778,"method":"_load","native":false},{"column":19,"file":"node:internal/modules/cjs/loader","function":"Module.require","line":1005,"method":"require","native":false},{"column":18,"file":"node:internal/modules/cjs/helpers","function":"require","line":102,"method":null,"native":false},{"column":18,"file":"/Users/lesleycheung/Desktop/modules/read_write/playground.js","function":null,"line":16,"method":null,"native":false},{"column":14,"file":"node:internal/modules/cjs/loader","function":"Module._compile","line":1101,"method":"_compile","native":false},{"column":10,"file":"node:internal/modules/cjs/loader","function":"Module._extensions..js","line":1153,"method":".js","native":false},{"column":32,"file":"node:internal/modules/cjs/loader","function":"Module.load","line":981,"method":"load","native":false},{"column":12,"file":"node:internal/modules/cjs/loader","function":"Module._load","line":822,"method":"_load","native":false},{"column":12,"file":"node:internal/modules/run_main","function":"Function.executeUserEntryPoint [as runMain]","line":81,"method":"executeUserEntryPoint [as runMain]","native":false}]}
[33m2:05:49 PM[39m [[34merror[39m] : [35muncaughtException: Cannot find module 'array_helperz'[39m
[35mRequire stack:[39m
[35m- /Users/lesleycheung/Desktop/modules/read_write/playground.js[39m
[35mError: Cannot find module 'array_helperz'[39m
[35mRequire stack:[39m
[35m- /Users/lesleycheung/Desktop/modules/read_write/playground.js[39m
[35m    at Function.Module._resolveFilename (node:internal/modules/cjs/loader:933:15)[39m
[35m    at Function.Module._load (node:internal/modules/cjs/loader:778:27)[39m
[35m    at Module.require (node:internal/modules/cjs/loader:1005:19)[39m
[35m    at require (node:internal/modules/cjs/helpers:102:18)[39m
[35m    at Object.<anonymous> (/Users/lesleycheung/Desktop/modules/read_write/playground.js:16:18)[39m
[35m    at Module._compile (node:internal/modules/cjs/loader:1101:14)[39m
[35m    at Object.Module._extensions..js (node:internal/modules/cjs/loader:1153:10)[39m
[35m    at Module.load (node:internal/modules/cjs/loader:981:32)[39m
[35m    at Function.Module._load (node:internal/modules/cjs/loader:822:12)[39m
[35m    at Function.executeUserEntryPoint [as runMain] (node:internal/modules/run_main:81:12)[39m{"error":{"code":"MODULE_NOT_FOUND","requireStack":["/Users/lesleycheung/Desktop/modules/read_write/playground.js"]},"stack":"Error: Cannot find module 'array_helperz'\nRequire stack:\n- /Users/lesleycheung/Desktop/modules/read_write/playground.js\n    at Function.Module._resolveFilename (node:internal/modules/cjs/loader:933:15)\n    at Function.Module._load (node:internal/modules/cjs/loader:778:27)\n    at Module.require (node:internal/modules/cjs/loader:1005:19)\n    at require (node:internal/modules/cjs/helpers:102:18)\n    at Object.<anonymous> (/Users/lesleycheung/Desktop/modules/read_write/playground.js:16:18)\n    at Module._compile (node:internal/modules/cjs/loader:1101:14)\n    at Object.Module._extensions..js (node:internal/modules/cjs/loader:1153:10)\n    at Module.load (node:internal/modules/cjs/loader:981:32)\n    at Function.Module._load (node:internal/modules/cjs/loader:822:12)\n    at Function.executeUserEntryPoint [as runMain] (node:internal/modules/run_main:81:12)","exception":true,"date":"Fri Mar 04 2022 14:05:49 GMT+0800 (Hong Kong Standard Time)","process":{"pid":43782,"uid":501,"gid":20,"cwd":"/Users/lesleycheung/Desktop/modules/read_write","execPath":"/Users/lesleycheung/.nvm/versions/node/v16.13.0/bin/node","version":"v16.13.0","argv":["/Users/lesleycheung/.nvm/versions/node/v16.13.0/bin/node","/Users/lesleycheung/Desktop/modules/read_write/playground.js"],"memoryUsage":{"rss":37212160,"heapTotal":11051008,"heapUsed":8449064,"external":1135641,"arrayBuffers":91936}},"os":{"loadavg":[3.66015625,3.39990234375,3.7431640625],"uptime":431529},"trace":[{"column":15,"file":"node:internal/modules/cjs/loader","function":"Module._resolveFilename","line":933,"method":"_resolveFilename","native":false},{"column":27,"file":"node:internal/modules/cjs/loader","function":"Module._load","line":778,"method":"_load","native":false},{"column":19,"file":"node:internal/modules/cjs/loader","function":"Module.require","line":1005,"method":"require","native":false},{"column":18,"file":"node:internal/modules/cjs/helpers","function":"require","line":102,"method":null,"native":false},{"column":18,"file":"/Users/lesleycheung/Desktop/modules/read_write/playground.js","function":null,"line":16,"method":null,"native":false},{"column":14,"file":"node:internal/modules/cjs/loader","function":"Module._compile","line":1101,"method":"_compile","native":false},{"column":10,"file":"node:internal/modules/cjs/loader","function":"Module._extensions..js","line":1153,"method":".js","native":false},{"column":32,"file":"node:internal/modules/cjs/loader","function":"Module.load","line":981,"method":"load","native":false},{"column":12,"file":"node:internal/modules/cjs/loader","function":"Module._load","line":822,"method":"_load","native":false},{"column":12,"file":"node:internal/modules/run_main","function":"Function.executeUserEntryPoint [as runMain]","line":81,"method":"executeUserEntryPoint [as runMain]","native":false}]}
[33m2:05:56 PM[39m [[34merror[39m] : [35muncaughtException: Cannot find module 'array_helperz'[39m
[35mRequire stack:[39m
[35m- /Users/lesleycheung/Desktop/modules/read_write/playground.js[39m
[35mError: Cannot find module 'array_helperz'[39m
[35mRequire stack:[39m
[35m- /Users/lesleycheung/Desktop/modules/read_write/playground.js[39m
[35m    at Function.Module._resolveFilename (node:internal/modules/cjs/loader:933:15)[39m
[35m    at Function.Module._load (node:internal/modules/cjs/loader:778:27)[39m
[35m    at Module.require (node:internal/modules/cjs/loader:1005:19)[39m
[35m    at require (node:internal/modules/cjs/helpers:102:18)[39m
[35m    at Object.<anonymous> (/Users/lesleycheung/Desktop/modules/read_write/playground.js:16:18)[39m
[35m    at Module._compile (node:internal/modules/cjs/loader:1101:14)[39m
[35m    at Object.Module._extensions..js (node:internal/modules/cjs/loader:1153:10)[39m
[35m    at Module.load (node:internal/modules/cjs/loader:981:32)[39m
[35m    at Function.Module._load (node:internal/modules/cjs/loader:822:12)[39m
[35m    at Function.executeUserEntryPoint [as runMain] (node:internal/modules/run_main:81:12)[39m{"error":{"code":"MODULE_NOT_FOUND","requireStack":["/Users/lesleycheung/Desktop/modules/read_write/playground.js"]},"stack":"Error: Cannot find module 'array_helperz'\nRequire stack:\n- /Users/lesleycheung/Desktop/modules/read_write/playground.js\n    at Function.Module._resolveFilename (node:internal/modules/cjs/loader:933:15)\n    at Function.Module._load (node:internal/modules/cjs/loader:778:27)\n    at Module.require (node:internal/modules/cjs/loader:1005:19)\n    at require (node:internal/modules/cjs/helpers:102:18)\n    at Object.<anonymous> (/Users/lesleycheung/Desktop/modules/read_write/playground.js:16:18)\n    at Module._compile (node:internal/modules/cjs/loader:1101:14)\n    at Object.Module._extensions..js (node:internal/modules/cjs/loader:1153:10)\n    at Module.load (node:internal/modules/cjs/loader:981:32)\n    at Function.Module._load (node:internal/modules/cjs/loader:822:12)\n    at Function.executeUserEntryPoint [as runMain] (node:internal/modules/run_main:81:12)","exception":true,"date":"Fri Mar 04 2022 14:05:56 GMT+0800 (Hong Kong Standard Time)","process":{"pid":43795,"uid":501,"gid":20,"cwd":"/Users/lesleycheung/Desktop/modules/read_write","execPath":"/Users/lesleycheung/.nvm/versions/node/v16.13.0/bin/node","version":"v16.13.0","argv":["/Users/lesleycheung/.nvm/versions/node/v16.13.0/bin/node","/Users/lesleycheung/Desktop/modules/read_write/playground.js"],"memoryUsage":{"rss":38846464,"heapTotal":11575296,"heapUsed":7290384,"external":1135641,"arrayBuffers":19338}},"os":{"loadavg":[3.68701171875,3.40966796875,3.74462890625],"uptime":431536},"trace":[{"column":15,"file":"node:internal/modules/cjs/loader","function":"Module._resolveFilename","line":933,"method":"_resolveFilename","native":false},{"column":27,"file":"node:internal/modules/cjs/loader","function":"Module._load","line":778,"method":"_load","native":false},{"column":19,"file":"node:internal/modules/cjs/loader","function":"Module.require","line":1005,"method":"require","native":false},{"column":18,"file":"node:internal/modules/cjs/helpers","function":"require","line":102,"method":null,"native":false},{"column":18,"file":"/Users/lesleycheung/Desktop/modules/read_write/playground.js","function":null,"line":16,"method":null,"native":false},{"column":14,"file":"node:internal/modules/cjs/loader","function":"Module._compile","line":1101,"method":"_compile","native":false},{"column":10,"file":"node:internal/modules/cjs/loader","function":"Module._extensions..js","line":1153,"method":".js","native":false},{"column":32,"file":"node:internal/modules/cjs/loader","function":"Module.load","line":981,"method":"load","native":false},{"column":12,"file":"node:internal/modules/cjs/loader","function":"Module._load","line":822,"method":"_load","native":false},{"column":12,"file":"node:internal/modules/run_main","function":"Function.executeUserEntryPoint [as runMain]","line":81,"method":"executeUserEntryPoint [as runMain]","native":false}]}
[33m2:06:10 PM[39m [[34merror[39m] : [35muncaughtException: Cannot find module 'array_helperz'[39m
[35mRequire stack:[39m
[35m- /Users/lesleycheung/Desktop/modules/read_write/playground.js[39m
[35mError: Cannot find module 'array_helperz'[39m
[35mRequire stack:[39m
[35m- /Users/lesleycheung/Desktop/modules/read_write/playground.js[39m
[35m    at Function.Module._resolveFilename (node:internal/modules/cjs/loader:933:15)[39m
[35m    at Function.Module._load (node:internal/modules/cjs/loader:778:27)[39m
[35m    at Module.require (node:internal/modules/cjs/loader:1005:19)[39m
[35m    at require (node:internal/modules/cjs/helpers:102:18)[39m
[35m    at Object.<anonymous> (/Users/lesleycheung/Desktop/modules/read_write/playground.js:16:18)[39m
[35m    at Module._compile (node:internal/modules/cjs/loader:1101:14)[39m
[35m    at Object.Module._extensions..js (node:internal/modules/cjs/loader:1153:10)[39m
[35m    at Module.load (node:internal/modules/cjs/loader:981:32)[39m
[35m    at Function.Module._load (node:internal/modules/cjs/loader:822:12)[39m
[35m    at Function.executeUserEntryPoint [as runMain] (node:internal/modules/run_main:81:12)[39m{"error":{"code":"MODULE_NOT_FOUND","requireStack":["/Users/lesleycheung/Desktop/modules/read_write/playground.js"]},"stack":"Error: Cannot find module 'array_helperz'\nRequire stack:\n- /Users/lesleycheung/Desktop/modules/read_write/playground.js\n    at Function.Module._resolveFilename (node:internal/modules/cjs/loader:933:15)\n    at Function.Module._load (node:internal/modules/cjs/loader:778:27)\n    at Module.require (node:internal/modules/cjs/loader:1005:19)\n    at require (node:internal/modules/cjs/helpers:102:18)\n    at Object.<anonymous> (/Users/lesleycheung/Desktop/modules/read_write/playground.js:16:18)\n    at Module._compile (node:internal/modules/cjs/loader:1101:14)\n    at Object.Module._extensions..js (node:internal/modules/cjs/loader:1153:10)\n    at Module.load (node:internal/modules/cjs/loader:981:32)\n    at Function.Module._load (node:internal/modules/cjs/loader:822:12)\n    at Function.executeUserEntryPoint [as runMain] (node:internal/modules/run_main:81:12)","exception":true,"date":"Fri Mar 04 2022 14:06:10 GMT+0800 (Hong Kong Standard Time)","process":{"pid":43806,"uid":501,"gid":20,"cwd":"/Users/lesleycheung/Desktop/modules/read_write","execPath":"/Users/lesleycheung/.nvm/versions/node/v16.13.0/bin/node","version":"v16.13.0","argv":["/Users/lesleycheung/.nvm/versions/node/v16.13.0/bin/node","/Users/lesleycheung/Desktop/modules/read_write/playground.js"],"memoryUsage":{"rss":38518784,"heapTotal":11051008,"heapUsed":8412800,"external":1135641,"arrayBuffers":91936}},"os":{"loadavg":[3.38623046875,3.3564453125,3.7197265625],"uptime":431550},"trace":[{"column":15,"file":"node:internal/modules/cjs/loader","function":"Module._resolveFilename","line":933,"method":"_resolveFilename","native":false},{"column":27,"file":"node:internal/modules/cjs/loader","function":"Module._load","line":778,"method":"_load","native":false},{"column":19,"file":"node:internal/modules/cjs/loader","function":"Module.require","line":1005,"method":"require","native":false},{"column":18,"file":"node:internal/modules/cjs/helpers","function":"require","line":102,"method":null,"native":false},{"column":18,"file":"/Users/lesleycheung/Desktop/modules/read_write/playground.js","function":null,"line":16,"method":null,"native":false},{"column":14,"file":"node:internal/modules/cjs/loader","function":"Module._compile","line":1101,"method":"_compile","native":false},{"column":10,"file":"node:internal/modules/cjs/loader","function":"Module._extensions..js","line":1153,"method":".js","native":false},{"column":32,"file":"node:internal/modules/cjs/loader","function":"Module.load","line":981,"method":"load","native":false},{"column":12,"file":"node:internal/modules/cjs/loader","function":"Module._load","line":822,"method":"_load","native":false},{"column":12,"file":"node:internal/modules/run_main","function":"Function.executeUserEntryPoint [as runMain]","line":81,"method":"executeUserEntryPoint [as runMain]","native":false}]}
[33m2:06:19 PM[39m [[34merror[39m] : [35muncaughtException: options.extensions.test is not a function[39m
[35mTypeError: options.extensions.test is not a function[39m
[35m    at directoryTree (/Users/lesleycheung/Desktop/modules/read_write/node_modules/directory-tree/lib/directory-tree.js:99:51)[39m
[35m    at /Users/lesleycheung/Desktop/modules/read_write/node_modules/directory-tree/lib/directory-tree.js:129:25[39m
[35m    at Array.map (<anonymous>)[39m
[35m    at directoryTree (/Users/lesleycheung/Desktop/modules/read_write/node_modules/directory-tree/lib/directory-tree.js:129:12)[39m
[35m    at /Users/lesleycheung/Desktop/modules/read_write/node_modules/directory-tree/lib/directory-tree.js:129:25[39m
[35m    at Array.map (<anonymous>)[39m
[35m    at directoryTree (/Users/lesleycheung/Desktop/modules/read_write/node_modules/directory-tree/lib/directory-tree.js:129:12)[39m
[35m    at getDirectoryStructure (/Users/lesleycheung/Desktop/modules/read_write/index.js:21:22)[39m
[35m    at Object.<anonymous> (/Users/lesleycheung/Desktop/modules/read_write/playground.js:21:20)[39m
[35m    at Module._compile (node:internal/modules/cjs/loader:1101:14)[39m{"error":{},"stack":"TypeError: options.extensions.test is not a function\n    at directoryTree (/Users/lesleycheung/Desktop/modules/read_write/node_modules/directory-tree/lib/directory-tree.js:99:51)\n    at /Users/lesleycheung/Desktop/modules/read_write/node_modules/directory-tree/lib/directory-tree.js:129:25\n    at Array.map (<anonymous>)\n    at directoryTree (/Users/lesleycheung/Desktop/modules/read_write/node_modules/directory-tree/lib/directory-tree.js:129:12)\n    at /Users/lesleycheung/Desktop/modules/read_write/node_modules/directory-tree/lib/directory-tree.js:129:25\n    at Array.map (<anonymous>)\n    at directoryTree (/Users/lesleycheung/Desktop/modules/read_write/node_modules/directory-tree/lib/directory-tree.js:129:12)\n    at getDirectoryStructure (/Users/lesleycheung/Desktop/modules/read_write/index.js:21:22)\n    at Object.<anonymous> (/Users/lesleycheung/Desktop/modules/read_write/playground.js:21:20)\n    at Module._compile (node:internal/modules/cjs/loader:1101:14)","exception":true,"date":"Fri Mar 04 2022 14:06:19 GMT+0800 (Hong Kong Standard Time)","process":{"pid":43818,"uid":501,"gid":20,"cwd":"/Users/lesleycheung/Desktop/modules/read_write","execPath":"/Users/lesleycheung/.nvm/versions/node/v16.13.0/bin/node","version":"v16.13.0","argv":["/Users/lesleycheung/.nvm/versions/node/v16.13.0/bin/node","/Users/lesleycheung/Desktop/modules/read_write/playground.js"],"memoryUsage":{"rss":39325696,"heapTotal":11575296,"heapUsed":7267624,"external":1135641,"arrayBuffers":19338}},"os":{"loadavg":[3.33935546875,3.3447265625,3.7109375],"uptime":431559},"trace":[{"column":51,"file":"/Users/lesleycheung/Desktop/modules/read_write/node_modules/directory-tree/lib/directory-tree.js","function":"directoryTree","line":99,"method":null,"native":false},{"column":25,"file":"/Users/lesleycheung/Desktop/modules/read_write/node_modules/directory-tree/lib/directory-tree.js","function":null,"line":129,"method":null,"native":false},{"column":null,"file":null,"function":"Array.map","line":null,"method":"map","native":false},{"column":12,"file":"/Users/lesleycheung/Desktop/modules/read_write/node_modules/directory-tree/lib/directory-tree.js","function":"directoryTree","line":129,"method":null,"native":false},{"column":25,"file":"/Users/lesleycheung/Desktop/modules/read_write/node_modules/directory-tree/lib/directory-tree.js","function":null,"line":129,"method":null,"native":false},{"column":null,"file":null,"function":"Array.map","line":null,"method":"map","native":false},{"column":12,"file":"/Users/lesleycheung/Desktop/modules/read_write/node_modules/directory-tree/lib/directory-tree.js","function":"directoryTree","line":129,"method":null,"native":false},{"column":22,"file":"/Users/lesleycheung/Desktop/modules/read_write/index.js","function":"getDirectoryStructure","line":21,"method":null,"native":false},{"column":20,"file":"/Users/lesleycheung/Desktop/modules/read_write/playground.js","function":null,"line":21,"method":null,"native":false},{"column":14,"file":"node:internal/modules/cjs/loader","function":"Module._compile","line":1101,"method":"_compile","native":false}]}
[33m2:08:07 PM[39m [[34merror[39m] : [35muncaughtException: step is not defined[39m
[35mReferenceError: step is not defined[39m
[35m    at Object.<anonymous> (/Users/lesleycheung/Desktop/modules/read_write/index.js:9:1)[39m
[35m    at Module._compile (node:internal/modules/cjs/loader:1101:14)[39m
[35m    at Object.Module._extensions..js (node:internal/modules/cjs/loader:1153:10)[39m
[35m    at Module.load (node:internal/modules/cjs/loader:981:32)[39m
[35m    at Function.Module._load (node:internal/modules/cjs/loader:822:12)[39m
[35m    at Function.executeUserEntryPoint [as runMain] (node:internal/modules/run_main:81:12)[39m
[35m    at node:internal/main/run_main_module:17:47[39m{"error":{},"stack":"ReferenceError: step is not defined\n    at Object.<anonymous> (/Users/lesleycheung/Desktop/modules/read_write/index.js:9:1)\n    at Module._compile (node:internal/modules/cjs/loader:1101:14)\n    at Object.Module._extensions..js (node:internal/modules/cjs/loader:1153:10)\n    at Module.load (node:internal/modules/cjs/loader:981:32)\n    at Function.Module._load (node:internal/modules/cjs/loader:822:12)\n    at Function.executeUserEntryPoint [as runMain] (node:internal/modules/run_main:81:12)\n    at node:internal/main/run_main_module:17:47","exception":true,"date":"Fri Mar 04 2022 14:08:07 GMT+0800 (Hong Kong Standard Time)","process":{"pid":43993,"uid":501,"gid":20,"cwd":"/Users/lesleycheung/Desktop/modules/read_write","execPath":"/Users/lesleycheung/.nvm/versions/node/v16.13.0/bin/node","version":"v16.13.0","argv":["/Users/lesleycheung/.nvm/versions/node/v16.13.0/bin/node","/Users/lesleycheung/Desktop/modules/read_write/index.js"],"memoryUsage":{"rss":39985152,"heapTotal":11837440,"heapUsed":7817024,"external":1135641,"arrayBuffers":19338}},"os":{"loadavg":[2.8828125,3.16162109375,3.59130859375],"uptime":431667},"trace":[{"column":1,"file":"/Users/lesleycheung/Desktop/modules/read_write/index.js","function":null,"line":9,"method":null,"native":false},{"column":14,"file":"node:internal/modules/cjs/loader","function":"Module._compile","line":1101,"method":"_compile","native":false},{"column":10,"file":"node:internal/modules/cjs/loader","function":"Module._extensions..js","line":1153,"method":".js","native":false},{"column":32,"file":"node:internal/modules/cjs/loader","function":"Module.load","line":981,"method":"load","native":false},{"column":12,"file":"node:internal/modules/cjs/loader","function":"Module._load","line":822,"method":"_load","native":false},{"column":12,"file":"node:internal/modules/run_main","function":"Function.executeUserEntryPoint [as runMain]","line":81,"method":"executeUserEntryPoint [as runMain]","native":false},{"column":47,"file":"node:internal/main/run_main_module","function":null,"line":17,"method":null,"native":false}]}
[33m2:21:50 PM[39m [[34merror[39m] : [35muncaughtException: step is not defined[39m
[35mReferenceError: step is not defined[39m
[35m    at Object.<anonymous> (/Users/lesleycheung/Desktop/modules/read_write/index.js:9:1)[39m
[35m    at Module._compile (node:internal/modules/cjs/loader:1101:14)[39m
[35m    at Object.Module._extensions..js (node:internal/modules/cjs/loader:1153:10)[39m
[35m    at Module.load (node:internal/modules/cjs/loader:981:32)[39m
[35m    at Function.Module._load (node:internal/modules/cjs/loader:822:12)[39m
[35m    at Function.executeUserEntryPoint [as runMain] (node:internal/modules/run_main:81:12)[39m
[35m    at node:internal/main/run_main_module:17:47[39m{"error":{},"stack":"ReferenceError: step is not defined\n    at Object.<anonymous> (/Users/lesleycheung/Desktop/modules/read_write/index.js:9:1)\n    at Module._compile (node:internal/modules/cjs/loader:1101:14)\n    at Object.Module._extensions..js (node:internal/modules/cjs/loader:1153:10)\n    at Module.load (node:internal/modules/cjs/loader:981:32)\n    at Function.Module._load (node:internal/modules/cjs/loader:822:12)\n    at Function.executeUserEntryPoint [as runMain] (node:internal/modules/run_main:81:12)\n    at node:internal/main/run_main_module:17:47","exception":true,"date":"Fri Mar 04 2022 14:21:50 GMT+0800 (Hong Kong Standard Time)","process":{"pid":45786,"uid":501,"gid":20,"cwd":"/Users/lesleycheung/Desktop/modules/read_write","execPath":"/Users/lesleycheung/.nvm/versions/node/v16.13.0/bin/node","version":"v16.13.0","argv":["/Users/lesleycheung/.nvm/versions/node/v16.13.0/bin/node","/Users/lesleycheung/Desktop/modules/read_write/index.js"],"memoryUsage":{"rss":38715392,"heapTotal":12099584,"heapUsed":7683728,"external":1135641,"arrayBuffers":19338}},"os":{"loadavg":[3.35498046875,3.5146484375,3.6240234375],"uptime":432490},"trace":[{"column":1,"file":"/Users/lesleycheung/Desktop/modules/read_write/index.js","function":null,"line":9,"method":null,"native":false},{"column":14,"file":"node:internal/modules/cjs/loader","function":"Module._compile","line":1101,"method":"_compile","native":false},{"column":10,"file":"node:internal/modules/cjs/loader","function":"Module._extensions..js","line":1153,"method":".js","native":false},{"column":32,"file":"node:internal/modules/cjs/loader","function":"Module.load","line":981,"method":"load","native":false},{"column":12,"file":"node:internal/modules/cjs/loader","function":"Module._load","line":822,"method":"_load","native":false},{"column":12,"file":"node:internal/modules/run_main","function":"Function.executeUserEntryPoint [as runMain]","line":81,"method":"executeUserEntryPoint [as runMain]","native":false},{"column":47,"file":"node:internal/main/run_main_module","function":null,"line":17,"method":null,"native":false}]}
[33m2:45:19 PM[39m [[34merror[39m] : [35muncaughtException: options.extensions.test is not a function[39m
[35mTypeError: options.extensions.test is not a function[39m
[35m    at directoryTree (/Users/lesleycheung/Desktop/modules/read_write/node_modules/directory-tree/lib/directory-tree.js:99:51)[39m
[35m    at /Users/lesleycheung/Desktop/modules/read_write/node_modules/directory-tree/lib/directory-tree.js:129:25[39m
[35m    at Array.map (<anonymous>)[39m
[35m    at directoryTree (/Users/lesleycheung/Desktop/modules/read_write/node_modules/directory-tree/lib/directory-tree.js:129:12)[39m
[35m    at /Users/lesleycheung/Desktop/modules/read_write/node_modules/directory-tree/lib/directory-tree.js:129:25[39m
[35m    at Array.map (<anonymous>)[39m
[35m    at directoryTree (/Users/lesleycheung/Desktop/modules/read_write/node_modules/directory-tree/lib/directory-tree.js:129:12)[39m
[35m    at getDirectoryStructure (/Users/lesleycheung/Desktop/modules/read_write/index.js:25:22)[39m
[35m    at Object.<anonymous> (/Users/lesleycheung/Desktop/modules/read_write/playground.js:17:20)[39m
[35m    at Module._compile (node:internal/modules/cjs/loader:1101:14)[39m{"error":{},"stack":"TypeError: options.extensions.test is not a function\n    at directoryTree (/Users/lesleycheung/Desktop/modules/read_write/node_modules/directory-tree/lib/directory-tree.js:99:51)\n    at /Users/lesleycheung/Desktop/modules/read_write/node_modules/directory-tree/lib/directory-tree.js:129:25\n    at Array.map (<anonymous>)\n    at directoryTree (/Users/lesleycheung/Desktop/modules/read_write/node_modules/directory-tree/lib/directory-tree.js:129:12)\n    at /Users/lesleycheung/Desktop/modules/read_write/node_modules/directory-tree/lib/directory-tree.js:129:25\n    at Array.map (<anonymous>)\n    at directoryTree (/Users/lesleycheung/Desktop/modules/read_write/node_modules/directory-tree/lib/directory-tree.js:129:12)\n    at getDirectoryStructure (/Users/lesleycheung/Desktop/modules/read_write/index.js:25:22)\n    at Object.<anonymous> (/Users/lesleycheung/Desktop/modules/read_write/playground.js:17:20)\n    at Module._compile (node:internal/modules/cjs/loader:1101:14)","exception":true,"date":"Fri Mar 04 2022 14:45:19 GMT+0800 (Hong Kong Standard Time)","process":{"pid":48569,"uid":501,"gid":20,"cwd":"/Users/lesleycheung/Desktop/modules/read_write","execPath":"/Users/lesleycheung/.nvm/versions/node/v16.13.0/bin/node","version":"v16.13.0","argv":["/Users/lesleycheung/.nvm/versions/node/v16.13.0/bin/node","/Users/lesleycheung/Desktop/modules/read_write/playground.js"],"memoryUsage":{"rss":38764544,"heapTotal":12099584,"heapUsed":7931888,"external":1143833,"arrayBuffers":27530}},"os":{"loadavg":[5.64111328125,4.5380859375,4.1083984375],"uptime":433899},"trace":[{"column":51,"file":"/Users/lesleycheung/Desktop/modules/read_write/node_modules/directory-tree/lib/directory-tree.js","function":"directoryTree","line":99,"method":null,"native":false},{"column":25,"file":"/Users/lesleycheung/Desktop/modules/read_write/node_modules/directory-tree/lib/directory-tree.js","function":null,"line":129,"method":null,"native":false},{"column":null,"file":null,"function":"Array.map","line":null,"method":"map","native":false},{"column":12,"file":"/Users/lesleycheung/Desktop/modules/read_write/node_modules/directory-tree/lib/directory-tree.js","function":"directoryTree","line":129,"method":null,"native":false},{"column":25,"file":"/Users/lesleycheung/Desktop/modules/read_write/node_modules/directory-tree/lib/directory-tree.js","function":null,"line":129,"method":null,"native":false},{"column":null,"file":null,"function":"Array.map","line":null,"method":"map","native":false},{"column":12,"file":"/Users/lesleycheung/Desktop/modules/read_write/node_modules/directory-tree/lib/directory-tree.js","function":"directoryTree","line":129,"method":null,"native":false},{"column":22,"file":"/Users/lesleycheung/Desktop/modules/read_write/index.js","function":"getDirectoryStructure","line":25,"method":null,"native":false},{"column":20,"file":"/Users/lesleycheung/Desktop/modules/read_write/playground.js","function":null,"line":17,"method":null,"native":false},{"column":14,"file":"node:internal/modules/cjs/loader","function":"Module._compile","line":1101,"method":"_compile","native":false}]}
[33m2:45:43 PM[39m [[34merror[39m] : [35muncaughtException: options.extensions.test is not a function[39m
[35mTypeError: options.extensions.test is not a function[39m
[35m    at directoryTree (/Users/lesleycheung/Desktop/modules/read_write/node_modules/directory-tree/lib/directory-tree.js:99:51)[39m
[35m    at /Users/lesleycheung/Desktop/modules/read_write/node_modules/directory-tree/lib/directory-tree.js:129:25[39m
[35m    at Array.map (<anonymous>)[39m
[35m    at directoryTree (/Users/lesleycheung/Desktop/modules/read_write/node_modules/directory-tree/lib/directory-tree.js:129:12)[39m
[35m    at /Users/lesleycheung/Desktop/modules/read_write/node_modules/directory-tree/lib/directory-tree.js:129:25[39m
[35m    at Array.map (<anonymous>)[39m
[35m    at directoryTree (/Users/lesleycheung/Desktop/modules/read_write/node_modules/directory-tree/lib/directory-tree.js:129:12)[39m
[35m    at getDirectoryStructure (/Users/lesleycheung/Desktop/modules/read_write/index.js:25:22)[39m
[35m    at Object.<anonymous> (/Users/lesleycheung/Desktop/modules/read_write/playground.js:17:20)[39m
[35m    at Module._compile (node:internal/modules/cjs/loader:1101:14)[39m{"error":{},"stack":"TypeError: options.extensions.test is not a function\n    at directoryTree (/Users/lesleycheung/Desktop/modules/read_write/node_modules/directory-tree/lib/directory-tree.js:99:51)\n    at /Users/lesleycheung/Desktop/modules/read_write/node_modules/directory-tree/lib/directory-tree.js:129:25\n    at Array.map (<anonymous>)\n    at directoryTree (/Users/lesleycheung/Desktop/modules/read_write/node_modules/directory-tree/lib/directory-tree.js:129:12)\n    at /Users/lesleycheung/Desktop/modules/read_write/node_modules/directory-tree/lib/directory-tree.js:129:25\n    at Array.map (<anonymous>)\n    at directoryTree (/Users/lesleycheung/Desktop/modules/read_write/node_modules/directory-tree/lib/directory-tree.js:129:12)\n    at getDirectoryStructure (/Users/lesleycheung/Desktop/modules/read_write/index.js:25:22)\n    at Object.<anonymous> (/Users/lesleycheung/Desktop/modules/read_write/playground.js:17:20)\n    at Module._compile (node:internal/modules/cjs/loader:1101:14)","exception":true,"date":"Fri Mar 04 2022 14:45:43 GMT+0800 (Hong Kong Standard Time)","process":{"pid":48771,"uid":501,"gid":20,"cwd":"/Users/lesleycheung/Desktop/modules/read_write","execPath":"/Users/lesleycheung/.nvm/versions/node/v16.13.0/bin/node","version":"v16.13.0","argv":["/Users/lesleycheung/.nvm/versions/node/v16.13.0/bin/node","/Users/lesleycheung/Desktop/modules/read_write/playground.js"],"memoryUsage":{"rss":40120320,"heapTotal":12361728,"heapUsed":7832016,"external":1143833,"arrayBuffers":27530}},"os":{"loadavg":[5.4853515625,4.58984375,4.138671875],"uptime":433923},"trace":[{"column":51,"file":"/Users/lesleycheung/Desktop/modules/read_write/node_modules/directory-tree/lib/directory-tree.js","function":"directoryTree","line":99,"method":null,"native":false},{"column":25,"file":"/Users/lesleycheung/Desktop/modules/read_write/node_modules/directory-tree/lib/directory-tree.js","function":null,"line":129,"method":null,"native":false},{"column":null,"file":null,"function":"Array.map","line":null,"method":"map","native":false},{"column":12,"file":"/Users/lesleycheung/Desktop/modules/read_write/node_modules/directory-tree/lib/directory-tree.js","function":"directoryTree","line":129,"method":null,"native":false},{"column":25,"file":"/Users/lesleycheung/Desktop/modules/read_write/node_modules/directory-tree/lib/directory-tree.js","function":null,"line":129,"method":null,"native":false},{"column":null,"file":null,"function":"Array.map","line":null,"method":"map","native":false},{"column":12,"file":"/Users/lesleycheung/Desktop/modules/read_write/node_modules/directory-tree/lib/directory-tree.js","function":"directoryTree","line":129,"method":null,"native":false},{"column":22,"file":"/Users/lesleycheung/Desktop/modules/read_write/index.js","function":"getDirectoryStructure","line":25,"method":null,"native":false},{"column":20,"file":"/Users/lesleycheung/Desktop/modules/read_write/playground.js","function":null,"line":17,"method":null,"native":false},{"column":14,"file":"node:internal/modules/cjs/loader","function":"Module._compile","line":1101,"method":"_compile","native":false}]}
[33m2:46:04 PM[39m [[34merror[39m] : [35muncaughtException: options.extensions.test is not a function[39m
[35mTypeError: options.extensions.test is not a function[39m
[35m    at directoryTree (/Users/lesleycheung/Desktop/modules/read_write/node_modules/directory-tree/lib/directory-tree.js:99:51)[39m
[35m    at /Users/lesleycheung/Desktop/modules/read_write/node_modules/directory-tree/lib/directory-tree.js:129:25[39m
[35m    at Array.map (<anonymous>)[39m
[35m    at directoryTree (/Users/lesleycheung/Desktop/modules/read_write/node_modules/directory-tree/lib/directory-tree.js:129:12)[39m
[35m    at /Users/lesleycheung/Desktop/modules/read_write/node_modules/directory-tree/lib/directory-tree.js:129:25[39m
[35m    at Array.map (<anonymous>)[39m
[35m    at directoryTree (/Users/lesleycheung/Desktop/modules/read_write/node_modules/directory-tree/lib/directory-tree.js:129:12)[39m
[35m    at getDirectoryStructure (/Users/lesleycheung/Desktop/modules/read_write/index.js:25:22)[39m
[35m    at Object.<anonymous> (/Users/lesleycheung/Desktop/modules/read_write/index.js:64:20)[39m
[35m    at Module._compile (node:internal/modules/cjs/loader:1101:14)[39m{"error":{},"stack":"TypeError: options.extensions.test is not a function\n    at directoryTree (/Users/lesleycheung/Desktop/modules/read_write/node_modules/directory-tree/lib/directory-tree.js:99:51)\n    at /Users/lesleycheung/Desktop/modules/read_write/node_modules/directory-tree/lib/directory-tree.js:129:25\n    at Array.map (<anonymous>)\n    at directoryTree (/Users/lesleycheung/Desktop/modules/read_write/node_modules/directory-tree/lib/directory-tree.js:129:12)\n    at /Users/lesleycheung/Desktop/modules/read_write/node_modules/directory-tree/lib/directory-tree.js:129:25\n    at Array.map (<anonymous>)\n    at directoryTree (/Users/lesleycheung/Desktop/modules/read_write/node_modules/directory-tree/lib/directory-tree.js:129:12)\n    at getDirectoryStructure (/Users/lesleycheung/Desktop/modules/read_write/index.js:25:22)\n    at Object.<anonymous> (/Users/lesleycheung/Desktop/modules/read_write/index.js:64:20)\n    at Module._compile (node:internal/modules/cjs/loader:1101:14)","exception":true,"date":"Fri Mar 04 2022 14:46:04 GMT+0800 (Hong Kong Standard Time)","process":{"pid":48815,"uid":501,"gid":20,"cwd":"/Users/lesleycheung/Desktop/modules/read_write","execPath":"/Users/lesleycheung/.nvm/versions/node/v16.13.0/bin/node","version":"v16.13.0","argv":["/Users/lesleycheung/.nvm/versions/node/v16.13.0/bin/node","/Users/lesleycheung/Desktop/modules/read_write/index.js"],"memoryUsage":{"rss":39600128,"heapTotal":12099584,"heapUsed":7908440,"external":1143833,"arrayBuffers":27530}},"os":{"loadavg":[4.9697265625,4.533203125,4.12890625],"uptime":433944},"trace":[{"column":51,"file":"/Users/lesleycheung/Desktop/modules/read_write/node_modules/directory-tree/lib/directory-tree.js","function":"directoryTree","line":99,"method":null,"native":false},{"column":25,"file":"/Users/lesleycheung/Desktop/modules/read_write/node_modules/directory-tree/lib/directory-tree.js","function":null,"line":129,"method":null,"native":false},{"column":null,"file":null,"function":"Array.map","line":null,"method":"map","native":false},{"column":12,"file":"/Users/lesleycheung/Desktop/modules/read_write/node_modules/directory-tree/lib/directory-tree.js","function":"directoryTree","line":129,"method":null,"native":false},{"column":25,"file":"/Users/lesleycheung/Desktop/modules/read_write/node_modules/directory-tree/lib/directory-tree.js","function":null,"line":129,"method":null,"native":false},{"column":null,"file":null,"function":"Array.map","line":null,"method":"map","native":false},{"column":12,"file":"/Users/lesleycheung/Desktop/modules/read_write/node_modules/directory-tree/lib/directory-tree.js","function":"directoryTree","line":129,"method":null,"native":false},{"column":22,"file":"/Users/lesleycheung/Desktop/modules/read_write/index.js","function":"getDirectoryStructure","line":25,"method":null,"native":false},{"column":20,"file":"/Users/lesleycheung/Desktop/modules/read_write/index.js","function":null,"line":64,"method":null,"native":false},{"column":14,"file":"node:internal/modules/cjs/loader","function":"Module._compile","line":1101,"method":"_compile","native":false}]}
[33m2:46:12 PM[39m [[34merror[39m] : [35muncaughtException: options.extensions.test is not a function[39m
[35mTypeError: options.extensions.test is not a function[39m
[35m    at directoryTree (/Users/lesleycheung/Desktop/modules/read_write/node_modules/directory-tree/lib/directory-tree.js:99:51)[39m
[35m    at /Users/lesleycheung/Desktop/modules/read_write/node_modules/directory-tree/lib/directory-tree.js:129:25[39m
[35m    at Array.map (<anonymous>)[39m
[35m    at directoryTree (/Users/lesleycheung/Desktop/modules/read_write/node_modules/directory-tree/lib/directory-tree.js:129:12)[39m
[35m    at /Users/lesleycheung/Desktop/modules/read_write/node_modules/directory-tree/lib/directory-tree.js:129:25[39m
[35m    at Array.map (<anonymous>)[39m
[35m    at directoryTree (/Users/lesleycheung/Desktop/modules/read_write/node_modules/directory-tree/lib/directory-tree.js:129:12)[39m
[35m    at getDirectoryStructure (/Users/lesleycheung/Desktop/modules/read_write/index.js:25:22)[39m
[35m    at Object.<anonymous> (/Users/lesleycheung/Desktop/modules/read_write/index.js:64:20)[39m
[35m    at Module._compile (node:internal/modules/cjs/loader:1101:14)[39m{"error":{},"stack":"TypeError: options.extensions.test is not a function\n    at directoryTree (/Users/lesleycheung/Desktop/modules/read_write/node_modules/directory-tree/lib/directory-tree.js:99:51)\n    at /Users/lesleycheung/Desktop/modules/read_write/node_modules/directory-tree/lib/directory-tree.js:129:25\n    at Array.map (<anonymous>)\n    at directoryTree (/Users/lesleycheung/Desktop/modules/read_write/node_modules/directory-tree/lib/directory-tree.js:129:12)\n    at /Users/lesleycheung/Desktop/modules/read_write/node_modules/directory-tree/lib/directory-tree.js:129:25\n    at Array.map (<anonymous>)\n    at directoryTree (/Users/lesleycheung/Desktop/modules/read_write/node_modules/directory-tree/lib/directory-tree.js:129:12)\n    at getDirectoryStructure (/Users/lesleycheung/Desktop/modules/read_write/index.js:25:22)\n    at Object.<anonymous> (/Users/lesleycheung/Desktop/modules/read_write/index.js:64:20)\n    at Module._compile (node:internal/modules/cjs/loader:1101:14)","exception":true,"date":"Fri Mar 04 2022 14:46:12 GMT+0800 (Hong Kong Standard Time)","process":{"pid":48841,"uid":501,"gid":20,"cwd":"/Users/lesleycheung/Desktop/modules/read_write","execPath":"/Users/lesleycheung/.nvm/versions/node/v16.13.0/bin/node","version":"v16.13.0","argv":["/Users/lesleycheung/.nvm/versions/node/v16.13.0/bin/node","/Users/lesleycheung/Desktop/modules/read_write/index.js"],"memoryUsage":{"rss":38989824,"heapTotal":12099584,"heapUsed":7840784,"external":1143833,"arrayBuffers":27530}},"os":{"loadavg":[4.51904296875,4.44921875,4.103515625],"uptime":433952},"trace":[{"column":51,"file":"/Users/lesleycheung/Desktop/modules/read_write/node_modules/directory-tree/lib/directory-tree.js","function":"directoryTree","line":99,"method":null,"native":false},{"column":25,"file":"/Users/lesleycheung/Desktop/modules/read_write/node_modules/directory-tree/lib/directory-tree.js","function":null,"line":129,"method":null,"native":false},{"column":null,"file":null,"function":"Array.map","line":null,"method":"map","native":false},{"column":12,"file":"/Users/lesleycheung/Desktop/modules/read_write/node_modules/directory-tree/lib/directory-tree.js","function":"directoryTree","line":129,"method":null,"native":false},{"column":25,"file":"/Users/lesleycheung/Desktop/modules/read_write/node_modules/directory-tree/lib/directory-tree.js","function":null,"line":129,"method":null,"native":false},{"column":null,"file":null,"function":"Array.map","line":null,"method":"map","native":false},{"column":12,"file":"/Users/lesleycheung/Desktop/modules/read_write/node_modules/directory-tree/lib/directory-tree.js","function":"directoryTree","line":129,"method":null,"native":false},{"column":22,"file":"/Users/lesleycheung/Desktop/modules/read_write/index.js","function":"getDirectoryStructure","line":25,"method":null,"native":false},{"column":20,"file":"/Users/lesleycheung/Desktop/modules/read_write/index.js","function":null,"line":64,"method":null,"native":false},{"column":14,"file":"node:internal/modules/cjs/loader","function":"Module._compile","line":1101,"method":"_compile","native":false}]}
[33m2:46:31 PM[39m [[34merror[39m] : [35muncaughtException: options.extensions.test is not a function[39m
[35mTypeError: options.extensions.test is not a function[39m
[35m    at directoryTree (/Users/lesleycheung/Desktop/modules/read_write/node_modules/directory-tree/lib/directory-tree.js:99:51)[39m
[35m    at /Users/lesleycheung/Desktop/modules/read_write/node_modules/directory-tree/lib/directory-tree.js:129:25[39m
[35m    at Array.map (<anonymous>)[39m
[35m    at directoryTree (/Users/lesleycheung/Desktop/modules/read_write/node_modules/directory-tree/lib/directory-tree.js:129:12)[39m
[35m    at /Users/lesleycheung/Desktop/modules/read_write/node_modules/directory-tree/lib/directory-tree.js:129:25[39m
[35m    at Array.map (<anonymous>)[39m
[35m    at directoryTree (/Users/lesleycheung/Desktop/modules/read_write/node_modules/directory-tree/lib/directory-tree.js:129:12)[39m
[35m    at getDirectoryStructure (/Users/lesleycheung/Desktop/modules/read_write/index.js:25:22)[39m
[35m    at Object.<anonymous> (/Users/lesleycheung/Desktop/modules/read_write/index.js:64:20)[39m
[35m    at Module._compile (node:internal/modules/cjs/loader:1101:14)[39m{"error":{},"stack":"TypeError: options.extensions.test is not a function\n    at directoryTree (/Users/lesleycheung/Desktop/modules/read_write/node_modules/directory-tree/lib/directory-tree.js:99:51)\n    at /Users/lesleycheung/Desktop/modules/read_write/node_modules/directory-tree/lib/directory-tree.js:129:25\n    at Array.map (<anonymous>)\n    at directoryTree (/Users/lesleycheung/Desktop/modules/read_write/node_modules/directory-tree/lib/directory-tree.js:129:12)\n    at /Users/lesleycheung/Desktop/modules/read_write/node_modules/directory-tree/lib/directory-tree.js:129:25\n    at Array.map (<anonymous>)\n    at directoryTree (/Users/lesleycheung/Desktop/modules/read_write/node_modules/directory-tree/lib/directory-tree.js:129:12)\n    at getDirectoryStructure (/Users/lesleycheung/Desktop/modules/read_write/index.js:25:22)\n    at Object.<anonymous> (/Users/lesleycheung/Desktop/modules/read_write/index.js:64:20)\n    at Module._compile (node:internal/modules/cjs/loader:1101:14)","exception":true,"date":"Fri Mar 04 2022 14:46:31 GMT+0800 (Hong Kong Standard Time)","process":{"pid":48864,"uid":501,"gid":20,"cwd":"/Users/lesleycheung/Desktop/modules/read_write","execPath":"/Users/lesleycheung/.nvm/versions/node/v16.13.0/bin/node","version":"v16.13.0","argv":["/Users/lesleycheung/.nvm/versions/node/v16.13.0/bin/node","/Users/lesleycheung/Desktop/modules/read_write/index.js"],"memoryUsage":{"rss":38944768,"heapTotal":12099584,"heapUsed":7803208,"external":1143833,"arrayBuffers":27530}},"os":{"loadavg":[4.6357421875,4.48291015625,4.123046875],"uptime":433971},"trace":[{"column":51,"file":"/Users/lesleycheung/Desktop/modules/read_write/node_modules/directory-tree/lib/directory-tree.js","function":"directoryTree","line":99,"method":null,"native":false},{"column":25,"file":"/Users/lesleycheung/Desktop/modules/read_write/node_modules/directory-tree/lib/directory-tree.js","function":null,"line":129,"method":null,"native":false},{"column":null,"file":null,"function":"Array.map","line":null,"method":"map","native":false},{"column":12,"file":"/Users/lesleycheung/Desktop/modules/read_write/node_modules/directory-tree/lib/directory-tree.js","function":"directoryTree","line":129,"method":null,"native":false},{"column":25,"file":"/Users/lesleycheung/Desktop/modules/read_write/node_modules/directory-tree/lib/directory-tree.js","function":null,"line":129,"method":null,"native":false},{"column":null,"file":null,"function":"Array.map","line":null,"method":"map","native":false},{"column":12,"file":"/Users/lesleycheung/Desktop/modules/read_write/node_modules/directory-tree/lib/directory-tree.js","function":"directoryTree","line":129,"method":null,"native":false},{"column":22,"file":"/Users/lesleycheung/Desktop/modules/read_write/index.js","function":"getDirectoryStructure","line":25,"method":null,"native":false},{"column":20,"file":"/Users/lesleycheung/Desktop/modules/read_write/index.js","function":null,"line":64,"method":null,"native":false},{"column":14,"file":"node:internal/modules/cjs/loader","function":"Module._compile","line":1101,"method":"_compile","native":false}]}
[33m2:48:43 PM[39m [[34merror[39m] : [35muncaughtException: options.extensions.test is not a function[39m
[35mTypeError: options.extensions.test is not a function[39m
[35m    at directoryTree (/Users/lesleycheung/Desktop/modules/read_write/node_modules/directory-tree/lib/directory-tree.js:99:51)[39m
[35m    at /Users/lesleycheung/Desktop/modules/read_write/node_modules/directory-tree/lib/directory-tree.js:129:25[39m
[35m    at Array.map (<anonymous>)[39m
[35m    at directoryTree (/Users/lesleycheung/Desktop/modules/read_write/node_modules/directory-tree/lib/directory-tree.js:129:12)[39m
[35m    at /Users/lesleycheung/Desktop/modules/read_write/node_modules/directory-tree/lib/directory-tree.js:129:25[39m
[35m    at Array.map (<anonymous>)[39m
[35m    at directoryTree (/Users/lesleycheung/Desktop/modules/read_write/node_modules/directory-tree/lib/directory-tree.js:129:12)[39m
[35m    at getDirectoryStructure (/Users/lesleycheung/Desktop/modules/read_write/index.js:25:22)[39m
[35m    at Object.<anonymous> (/Users/lesleycheung/Desktop/modules/read_write/index.js:64:20)[39m
[35m    at Module._compile (node:internal/modules/cjs/loader:1101:14)[39m{"error":{},"stack":"TypeError: options.extensions.test is not a function\n    at directoryTree (/Users/lesleycheung/Desktop/modules/read_write/node_modules/directory-tree/lib/directory-tree.js:99:51)\n    at /Users/lesleycheung/Desktop/modules/read_write/node_modules/directory-tree/lib/directory-tree.js:129:25\n    at Array.map (<anonymous>)\n    at directoryTree (/Users/lesleycheung/Desktop/modules/read_write/node_modules/directory-tree/lib/directory-tree.js:129:12)\n    at /Users/lesleycheung/Desktop/modules/read_write/node_modules/directory-tree/lib/directory-tree.js:129:25\n    at Array.map (<anonymous>)\n    at directoryTree (/Users/lesleycheung/Desktop/modules/read_write/node_modules/directory-tree/lib/directory-tree.js:129:12)\n    at getDirectoryStructure (/Users/lesleycheung/Desktop/modules/read_write/index.js:25:22)\n    at Object.<anonymous> (/Users/lesleycheung/Desktop/modules/read_write/index.js:64:20)\n    at Module._compile (node:internal/modules/cjs/loader:1101:14)","exception":true,"date":"Fri Mar 04 2022 14:48:43 GMT+0800 (Hong Kong Standard Time)","process":{"pid":49751,"uid":501,"gid":20,"cwd":"/Users/lesleycheung/Desktop/modules/read_write","execPath":"/Users/lesleycheung/.nvm/versions/node/v16.13.0/bin/node","version":"v16.13.0","argv":["/Users/lesleycheung/.nvm/versions/node/v16.13.0/bin/node","/Users/lesleycheung/Desktop/modules/read_write/index.js"],"memoryUsage":{"rss":39563264,"heapTotal":12361728,"heapUsed":7849144,"external":1143833,"arrayBuffers":27530}},"os":{"loadavg":[6.3935546875,5.30419921875,4.501953125],"uptime":434103},"trace":[{"column":51,"file":"/Users/lesleycheung/Desktop/modules/read_write/node_modules/directory-tree/lib/directory-tree.js","function":"directoryTree","line":99,"method":null,"native":false},{"column":25,"file":"/Users/lesleycheung/Desktop/modules/read_write/node_modules/directory-tree/lib/directory-tree.js","function":null,"line":129,"method":null,"native":false},{"column":null,"file":null,"function":"Array.map","line":null,"method":"map","native":false},{"column":12,"file":"/Users/lesleycheung/Desktop/modules/read_write/node_modules/directory-tree/lib/directory-tree.js","function":"directoryTree","line":129,"method":null,"native":false},{"column":25,"file":"/Users/lesleycheung/Desktop/modules/read_write/node_modules/directory-tree/lib/directory-tree.js","function":null,"line":129,"method":null,"native":false},{"column":null,"file":null,"function":"Array.map","line":null,"method":"map","native":false},{"column":12,"file":"/Users/lesleycheung/Desktop/modules/read_write/node_modules/directory-tree/lib/directory-tree.js","function":"directoryTree","line":129,"method":null,"native":false},{"column":22,"file":"/Users/lesleycheung/Desktop/modules/read_write/index.js","function":"getDirectoryStructure","line":25,"method":null,"native":false},{"column":20,"file":"/Users/lesleycheung/Desktop/modules/read_write/index.js","function":null,"line":64,"method":null,"native":false},{"column":14,"file":"node:internal/modules/cjs/loader","function":"Module._compile","line":1101,"method":"_compile","native":false}]}
[33m2:48:49 PM[39m [[34merror[39m] : [35muncaughtException: options.extensions.test is not a function[39m
[35mTypeError: options.extensions.test is not a function[39m
[35m    at directoryTree (/Users/lesleycheung/Desktop/modules/read_write/node_modules/directory-tree/lib/directory-tree.js:99:51)[39m
[35m    at /Users/lesleycheung/Desktop/modules/read_write/node_modules/directory-tree/lib/directory-tree.js:129:25[39m
[35m    at Array.map (<anonymous>)[39m
[35m    at directoryTree (/Users/lesleycheung/Desktop/modules/read_write/node_modules/directory-tree/lib/directory-tree.js:129:12)[39m
[35m    at /Users/lesleycheung/Desktop/modules/read_write/node_modules/directory-tree/lib/directory-tree.js:129:25[39m
[35m    at Array.map (<anonymous>)[39m
[35m    at directoryTree (/Users/lesleycheung/Desktop/modules/read_write/node_modules/directory-tree/lib/directory-tree.js:129:12)[39m
[35m    at getDirectoryStructure (/Users/lesleycheung/Desktop/modules/read_write/index.js:25:22)[39m
[35m    at Object.<anonymous> (/Users/lesleycheung/Desktop/modules/read_write/index.js:64:20)[39m
[35m    at Module._compile (node:internal/modules/cjs/loader:1101:14)[39m{"error":{},"stack":"TypeError: options.extensions.test is not a function\n    at directoryTree (/Users/lesleycheung/Desktop/modules/read_write/node_modules/directory-tree/lib/directory-tree.js:99:51)\n    at /Users/lesleycheung/Desktop/modules/read_write/node_modules/directory-tree/lib/directory-tree.js:129:25\n    at Array.map (<anonymous>)\n    at directoryTree (/Users/lesleycheung/Desktop/modules/read_write/node_modules/directory-tree/lib/directory-tree.js:129:12)\n    at /Users/lesleycheung/Desktop/modules/read_write/node_modules/directory-tree/lib/directory-tree.js:129:25\n    at Array.map (<anonymous>)\n    at directoryTree (/Users/lesleycheung/Desktop/modules/read_write/node_modules/directory-tree/lib/directory-tree.js:129:12)\n    at getDirectoryStructure (/Users/lesleycheung/Desktop/modules/read_write/index.js:25:22)\n    at Object.<anonymous> (/Users/lesleycheung/Desktop/modules/read_write/index.js:64:20)\n    at Module._compile (node:internal/modules/cjs/loader:1101:14)","exception":true,"date":"Fri Mar 04 2022 14:48:49 GMT+0800 (Hong Kong Standard Time)","process":{"pid":49763,"uid":501,"gid":20,"cwd":"/Users/lesleycheung/Desktop/modules/read_write","execPath":"/Users/lesleycheung/.nvm/versions/node/v16.13.0/bin/node","version":"v16.13.0","argv":["/Users/lesleycheung/.nvm/versions/node/v16.13.0/bin/node","/Users/lesleycheung/Desktop/modules/read_write/playground.js"],"memoryUsage":{"rss":39878656,"heapTotal":12099584,"heapUsed":7786376,"external":1143833,"arrayBuffers":27530}},"os":{"loadavg":[6.84228515625,5.4150390625,4.54541015625],"uptime":434109},"trace":[{"column":51,"file":"/Users/lesleycheung/Desktop/modules/read_write/node_modules/directory-tree/lib/directory-tree.js","function":"directoryTree","line":99,"method":null,"native":false},{"column":25,"file":"/Users/lesleycheung/Desktop/modules/read_write/node_modules/directory-tree/lib/directory-tree.js","function":null,"line":129,"method":null,"native":false},{"column":null,"file":null,"function":"Array.map","line":null,"method":"map","native":false},{"column":12,"file":"/Users/lesleycheung/Desktop/modules/read_write/node_modules/directory-tree/lib/directory-tree.js","function":"directoryTree","line":129,"method":null,"native":false},{"column":25,"file":"/Users/lesleycheung/Desktop/modules/read_write/node_modules/directory-tree/lib/directory-tree.js","function":null,"line":129,"method":null,"native":false},{"column":null,"file":null,"function":"Array.map","line":null,"method":"map","native":false},{"column":12,"file":"/Users/lesleycheung/Desktop/modules/read_write/node_modules/directory-tree/lib/directory-tree.js","function":"directoryTree","line":129,"method":null,"native":false},{"column":22,"file":"/Users/lesleycheung/Desktop/modules/read_write/index.js","function":"getDirectoryStructure","line":25,"method":null,"native":false},{"column":20,"file":"/Users/lesleycheung/Desktop/modules/read_write/index.js","function":null,"line":64,"method":null,"native":false},{"column":14,"file":"node:internal/modules/cjs/loader","function":"Module._compile","line":1101,"method":"_compile","native":false}]}
[33m2:48:59 PM[39m [[34merror[39m] : [35muncaughtException: options.extensions.test is not a function[39m
[35mTypeError: options.extensions.test is not a function[39m
[35m    at directoryTree (/Users/lesleycheung/Desktop/modules/read_write/node_modules/directory-tree/lib/directory-tree.js:99:51)[39m
[35m    at /Users/lesleycheung/Desktop/modules/read_write/node_modules/directory-tree/lib/directory-tree.js:129:25[39m
[35m    at Array.map (<anonymous>)[39m
[35m    at directoryTree (/Users/lesleycheung/Desktop/modules/read_write/node_modules/directory-tree/lib/directory-tree.js:129:12)[39m
[35m    at /Users/lesleycheung/Desktop/modules/read_write/node_modules/directory-tree/lib/directory-tree.js:129:25[39m
[35m    at Array.map (<anonymous>)[39m
[35m    at directoryTree (/Users/lesleycheung/Desktop/modules/read_write/node_modules/directory-tree/lib/directory-tree.js:129:12)[39m
[35m    at getDirectoryStructure (/Users/lesleycheung/Desktop/modules/read_write/index.js:25:22)[39m
[35m    at Object.<anonymous> (/Users/lesleycheung/Desktop/modules/read_write/index.js:64:20)[39m
[35m    at Module._compile (node:internal/modules/cjs/loader:1101:14)[39m{"error":{},"stack":"TypeError: options.extensions.test is not a function\n    at directoryTree (/Users/lesleycheung/Desktop/modules/read_write/node_modules/directory-tree/lib/directory-tree.js:99:51)\n    at /Users/lesleycheung/Desktop/modules/read_write/node_modules/directory-tree/lib/directory-tree.js:129:25\n    at Array.map (<anonymous>)\n    at directoryTree (/Users/lesleycheung/Desktop/modules/read_write/node_modules/directory-tree/lib/directory-tree.js:129:12)\n    at /Users/lesleycheung/Desktop/modules/read_write/node_modules/directory-tree/lib/directory-tree.js:129:25\n    at Array.map (<anonymous>)\n    at directoryTree (/Users/lesleycheung/Desktop/modules/read_write/node_modules/directory-tree/lib/directory-tree.js:129:12)\n    at getDirectoryStructure (/Users/lesleycheung/Desktop/modules/read_write/index.js:25:22)\n    at Object.<anonymous> (/Users/lesleycheung/Desktop/modules/read_write/index.js:64:20)\n    at Module._compile (node:internal/modules/cjs/loader:1101:14)","exception":true,"date":"Fri Mar 04 2022 14:48:59 GMT+0800 (Hong Kong Standard Time)","process":{"pid":49789,"uid":501,"gid":20,"cwd":"/Users/lesleycheung/Desktop/modules/read_write","execPath":"/Users/lesleycheung/.nvm/versions/node/v16.13.0/bin/node","version":"v16.13.0","argv":["/Users/lesleycheung/.nvm/versions/node/v16.13.0/bin/node","/Users/lesleycheung/Desktop/modules/read_write/playground.js"],"memoryUsage":{"rss":40398848,"heapTotal":12361728,"heapUsed":7830768,"external":1135641,"arrayBuffers":19338}},"os":{"loadavg":[6.25732421875,5.3349609375,4.52685546875],"uptime":434119},"trace":[{"column":51,"file":"/Users/lesleycheung/Desktop/modules/read_write/node_modules/directory-tree/lib/directory-tree.js","function":"directoryTree","line":99,"method":null,"native":false},{"column":25,"file":"/Users/lesleycheung/Desktop/modules/read_write/node_modules/directory-tree/lib/directory-tree.js","function":null,"line":129,"method":null,"native":false},{"column":null,"file":null,"function":"Array.map","line":null,"method":"map","native":false},{"column":12,"file":"/Users/lesleycheung/Desktop/modules/read_write/node_modules/directory-tree/lib/directory-tree.js","function":"directoryTree","line":129,"method":null,"native":false},{"column":25,"file":"/Users/lesleycheung/Desktop/modules/read_write/node_modules/directory-tree/lib/directory-tree.js","function":null,"line":129,"method":null,"native":false},{"column":null,"file":null,"function":"Array.map","line":null,"method":"map","native":false},{"column":12,"file":"/Users/lesleycheung/Desktop/modules/read_write/node_modules/directory-tree/lib/directory-tree.js","function":"directoryTree","line":129,"method":null,"native":false},{"column":22,"file":"/Users/lesleycheung/Desktop/modules/read_write/index.js","function":"getDirectoryStructure","line":25,"method":null,"native":false},{"column":20,"file":"/Users/lesleycheung/Desktop/modules/read_write/index.js","function":null,"line":64,"method":null,"native":false},{"column":14,"file":"node:internal/modules/cjs/loader","function":"Module._compile","line":1101,"method":"_compile","native":false}]}
[33m2:49:06 PM[39m [[34merror[39m] : [35muncaughtException: options.extensions.test is not a function[39m
[35mTypeError: options.extensions.test is not a function[39m
[35m    at directoryTree (/Users/lesleycheung/Desktop/modules/read_write/node_modules/directory-tree/lib/directory-tree.js:99:51)[39m
[35m    at /Users/lesleycheung/Desktop/modules/read_write/node_modules/directory-tree/lib/directory-tree.js:129:25[39m
[35m    at Array.map (<anonymous>)[39m
[35m    at directoryTree (/Users/lesleycheung/Desktop/modules/read_write/node_modules/directory-tree/lib/directory-tree.js:129:12)[39m
[35m    at /Users/lesleycheung/Desktop/modules/read_write/node_modules/directory-tree/lib/directory-tree.js:129:25[39m
[35m    at Array.map (<anonymous>)[39m
[35m    at directoryTree (/Users/lesleycheung/Desktop/modules/read_write/node_modules/directory-tree/lib/directory-tree.js:129:12)[39m
[35m    at getDirectoryStructure (/Users/lesleycheung/Desktop/modules/read_write/index.js:25:22)[39m
[35m    at Object.<anonymous> (/Users/lesleycheung/Desktop/modules/read_write/index.js:64:20)[39m
[35m    at Module._compile (node:internal/modules/cjs/loader:1101:14)[39m{"error":{},"stack":"TypeError: options.extensions.test is not a function\n    at directoryTree (/Users/lesleycheung/Desktop/modules/read_write/node_modules/directory-tree/lib/directory-tree.js:99:51)\n    at /Users/lesleycheung/Desktop/modules/read_write/node_modules/directory-tree/lib/directory-tree.js:129:25\n    at Array.map (<anonymous>)\n    at directoryTree (/Users/lesleycheung/Desktop/modules/read_write/node_modules/directory-tree/lib/directory-tree.js:129:12)\n    at /Users/lesleycheung/Desktop/modules/read_write/node_modules/directory-tree/lib/directory-tree.js:129:25\n    at Array.map (<anonymous>)\n    at directoryTree (/Users/lesleycheung/Desktop/modules/read_write/node_modules/directory-tree/lib/directory-tree.js:129:12)\n    at getDirectoryStructure (/Users/lesleycheung/Desktop/modules/read_write/index.js:25:22)\n    at Object.<anonymous> (/Users/lesleycheung/Desktop/modules/read_write/index.js:64:20)\n    at Module._compile (node:internal/modules/cjs/loader:1101:14)","exception":true,"date":"Fri Mar 04 2022 14:49:06 GMT+0800 (Hong Kong Standard Time)","process":{"pid":49817,"uid":501,"gid":20,"cwd":"/Users/lesleycheung/Desktop/modules/read_write","execPath":"/Users/lesleycheung/.nvm/versions/node/v16.13.0/bin/node","version":"v16.13.0","argv":["/Users/lesleycheung/.nvm/versions/node/v16.13.0/bin/node","/Users/lesleycheung/Desktop/modules/read_write/playground.js"],"memoryUsage":{"rss":39256064,"heapTotal":12099584,"heapUsed":7804872,"external":1135641,"arrayBuffers":19338}},"os":{"loadavg":[5.99609375,5.2958984375,4.517578125],"uptime":434126},"trace":[{"column":51,"file":"/Users/lesleycheung/Desktop/modules/read_write/node_modules/directory-tree/lib/directory-tree.js","function":"directoryTree","line":99,"method":null,"native":false},{"column":25,"file":"/Users/lesleycheung/Desktop/modules/read_write/node_modules/directory-tree/lib/directory-tree.js","function":null,"line":129,"method":null,"native":false},{"column":null,"file":null,"function":"Array.map","line":null,"method":"map","native":false},{"column":12,"file":"/Users/lesleycheung/Desktop/modules/read_write/node_modules/directory-tree/lib/directory-tree.js","function":"directoryTree","line":129,"method":null,"native":false},{"column":25,"file":"/Users/lesleycheung/Desktop/modules/read_write/node_modules/directory-tree/lib/directory-tree.js","function":null,"line":129,"method":null,"native":false},{"column":null,"file":null,"function":"Array.map","line":null,"method":"map","native":false},{"column":12,"file":"/Users/lesleycheung/Desktop/modules/read_write/node_modules/directory-tree/lib/directory-tree.js","function":"directoryTree","line":129,"method":null,"native":false},{"column":22,"file":"/Users/lesleycheung/Desktop/modules/read_write/index.js","function":"getDirectoryStructure","line":25,"method":null,"native":false},{"column":20,"file":"/Users/lesleycheung/Desktop/modules/read_write/index.js","function":null,"line":64,"method":null,"native":false},{"column":14,"file":"node:internal/modules/cjs/loader","function":"Module._compile","line":1101,"method":"_compile","native":false}]}
[33m2:50:39 PM[39m [[34merror[39m] : [35muncaughtException: options.extensions.test is not a function[39m
[35mTypeError: options.extensions.test is not a function[39m
[35m    at directoryTree (/Users/lesleycheung/Desktop/modules/read_write/node_modules/directory-tree/lib/directory-tree.js:99:51)[39m
[35m    at /Users/lesleycheung/Desktop/modules/read_write/node_modules/directory-tree/lib/directory-tree.js:129:25[39m
[35m    at Array.map (<anonymous>)[39m
[35m    at directoryTree (/Users/lesleycheung/Desktop/modules/read_write/node_modules/directory-tree/lib/directory-tree.js:129:12)[39m
[35m    at /Users/lesleycheung/Desktop/modules/read_write/node_modules/directory-tree/lib/directory-tree.js:129:25[39m
[35m    at Array.map (<anonymous>)[39m
[35m    at directoryTree (/Users/lesleycheung/Desktop/modules/read_write/node_modules/directory-tree/lib/directory-tree.js:129:12)[39m
[35m    at getDirectoryStructure (/Users/lesleycheung/Desktop/modules/read_write/index.js:25:22)[39m
[35m    at Object.<anonymous> (/Users/lesleycheung/Desktop/modules/read_write/index.js:64:20)[39m
[35m    at Module._compile (node:internal/modules/cjs/loader:1101:14)[39m{"error":{},"stack":"TypeError: options.extensions.test is not a function\n    at directoryTree (/Users/lesleycheung/Desktop/modules/read_write/node_modules/directory-tree/lib/directory-tree.js:99:51)\n    at /Users/lesleycheung/Desktop/modules/read_write/node_modules/directory-tree/lib/directory-tree.js:129:25\n    at Array.map (<anonymous>)\n    at directoryTree (/Users/lesleycheung/Desktop/modules/read_write/node_modules/directory-tree/lib/directory-tree.js:129:12)\n    at /Users/lesleycheung/Desktop/modules/read_write/node_modules/directory-tree/lib/directory-tree.js:129:25\n    at Array.map (<anonymous>)\n    at directoryTree (/Users/lesleycheung/Desktop/modules/read_write/node_modules/directory-tree/lib/directory-tree.js:129:12)\n    at getDirectoryStructure (/Users/lesleycheung/Desktop/modules/read_write/index.js:25:22)\n    at Object.<anonymous> (/Users/lesleycheung/Desktop/modules/read_write/index.js:64:20)\n    at Module._compile (node:internal/modules/cjs/loader:1101:14)","exception":true,"date":"Fri Mar 04 2022 14:50:39 GMT+0800 (Hong Kong Standard Time)","process":{"pid":50028,"uid":501,"gid":20,"cwd":"/Users/lesleycheung/Desktop/modules/read_write","execPath":"/Users/lesleycheung/.nvm/versions/node/v16.13.0/bin/node","version":"v16.13.0","argv":["/Users/lesleycheung/.nvm/versions/node/v16.13.0/bin/node","/Users/lesleycheung/Desktop/modules/read_write/playground.js"],"memoryUsage":{"rss":39141376,"heapTotal":12361728,"heapUsed":7822176,"external":1135641,"arrayBuffers":19338}},"os":{"loadavg":[6.3642578125,5.62744140625,4.72998046875],"uptime":434219},"trace":[{"column":51,"file":"/Users/lesleycheung/Desktop/modules/read_write/node_modules/directory-tree/lib/directory-tree.js","function":"directoryTree","line":99,"method":null,"native":false},{"column":25,"file":"/Users/lesleycheung/Desktop/modules/read_write/node_modules/directory-tree/lib/directory-tree.js","function":null,"line":129,"method":null,"native":false},{"column":null,"file":null,"function":"Array.map","line":null,"method":"map","native":false},{"column":12,"file":"/Users/lesleycheung/Desktop/modules/read_write/node_modules/directory-tree/lib/directory-tree.js","function":"directoryTree","line":129,"method":null,"native":false},{"column":25,"file":"/Users/lesleycheung/Desktop/modules/read_write/node_modules/directory-tree/lib/directory-tree.js","function":null,"line":129,"method":null,"native":false},{"column":null,"file":null,"function":"Array.map","line":null,"method":"map","native":false},{"column":12,"file":"/Users/lesleycheung/Desktop/modules/read_write/node_modules/directory-tree/lib/directory-tree.js","function":"directoryTree","line":129,"method":null,"native":false},{"column":22,"file":"/Users/lesleycheung/Desktop/modules/read_write/index.js","function":"getDirectoryStructure","line":25,"method":null,"native":false},{"column":20,"file":"/Users/lesleycheung/Desktop/modules/read_write/index.js","function":null,"line":64,"method":null,"native":false},{"column":14,"file":"node:internal/modules/cjs/loader","function":"Module._compile","line":1101,"method":"_compile","native":false}]}
